# JRE version: Java(TM) SE Runtime Environment (12.0.1+12) (build 12.0.1+12)
# Java VM: Java HotSpot(TM) 64-Bit Server VM (12.0.1+12, mixed mode, sharing, tiered, compressed oops, g1 gc, windows-amd64)
Heap:
 garbage-first heap   total 114688K, used 34833K [0x0000000082400000, 0x0000000100000000)
  region size 1024K, 4 young (4096K), 4 survivors (4096K)
 Metaspace       used 55595K, capacity 56731K, committed 56912K, reserved 1099776K
  class space    used 7094K, capacity 7510K, committed 7600K, reserved 1048576K
GC Heap History (10 events):
Event: 11.438 GC heap after
{Heap after GC invocations=17 (full 0):
 garbage-first heap   total 78848K, used 25864K [0x0000000082400000, 0x0000000100000000)
  region size 1024K, 3 young (3072K), 3 survivors (3072K)
 Metaspace       used 46897K, capacity 47820K, committed 47952K, reserved 1091584K
  class space    used 5923K, capacity 6258K, committed 6320K, reserved 1048576K
}
Event: 11.779 GC heap before
{Heap before GC invocations=17 (full 0):
 garbage-first heap   total 78848K, used 60680K [0x0000000082400000, 0x0000000100000000)
  region size 1024K, 37 young (37888K), 3 survivors (3072K)
 Metaspace       used 47757K, capacity 48675K, committed 48848K, reserved 1091584K
  class space    used 5988K, capacity 6337K, committed 6448K, reserved 1048576K
}
Event: 11.788 GC heap after
{Heap after GC invocations=18 (full 0):
 garbage-first heap   total 95232K, used 26810K [0x0000000082400000, 0x0000000100000000)
  region size 1024K, 3 young (3072K), 3 survivors (3072K)
 Metaspace       used 47757K, capacity 48675K, committed 48848K, reserved 1091584K
  class space    used 5988K, capacity 6337K, committed 6448K, reserved 1048576K
}
Event: 12.447 GC heap before
{Heap before GC invocations=18 (full 0):
 garbage-first heap   total 95232K, used 66746K [0x0000000082400000, 0x0000000100000000)
  region size 1024K, 42 young (43008K), 3 survivors (3072K)
 Metaspace       used 48934K, capacity 50004K, committed 50256K, reserved 1093632K
  class space    used 6158K, capacity 6546K, committed 6576K, reserved 1048576K
}
Event: 12.459 GC heap after
{Heap after GC invocations=19 (full 0):
 garbage-first heap   total 95232K, used 28789K [0x0000000082400000, 0x0000000100000000)
  region size 1024K, 5 young (5120K), 5 survivors (5120K)
 Metaspace       used 48934K, capacity 50004K, committed 50256K, reserved 1093632K
  class space    used 6158K, capacity 6546K, committed 6576K, reserved 1048576K
}
Event: 13.208 GC heap before
{Heap before GC invocations=19 (full 0):
 garbage-first heap   total 95232K, used 68725K [0x0000000082400000, 0x0000000100000000)
  region size 1024K, 44 young (45056K), 5 survivors (5120K)
 Metaspace       used 50758K, capacity 51877K, committed 52048K, reserved 1095680K
  class space    used 6415K, capacity 6821K, committed 6832K, reserved 1048576K
}
Event: 13.225 GC heap after
{Heap after GC invocations=20 (full 0):
 garbage-first heap   total 95232K, used 31794K [0x0000000082400000, 0x0000000100000000)
  region size 1024K, 6 young (6144K), 6 survivors (6144K)
 Metaspace       used 50758K, capacity 51877K, committed 52048K, reserved 1095680K
  class space    used 6415K, capacity 6821K, committed 6832K, reserved 1048576K
}
Event: 13.836 GC heap before
{Heap before GC invocations=20 (full 0):
 garbage-first heap   total 95232K, used 70706K [0x0000000082400000, 0x0000000100000000)
  region size 1024K, 44 young (45056K), 6 survivors (6144K)
 Metaspace       used 51340K, capacity 52440K, committed 52688K, reserved 1095680K
  class space    used 6496K, capacity 6897K, committed 6960K, reserved 1048576K
}
Event: 13.854 GC heap after
{Heap after GC invocations=21 (full 0):
 garbage-first heap   total 95232K, used 33905K [0x0000000082400000, 0x0000000100000000)
  region size 1024K, 5 young (5120K), 5 survivors (5120K)
 Metaspace       used 51340K, capacity 52440K, committed 52688K, reserved 1095680K
  class space    used 6496K, capacity 6897K, committed 6960K, reserved 1048576K
}
Event: 15.305 GC heap before
{Heap before GC invocations=21 (full 0):
 garbage-first heap   total 95232K, used 72817K [0x0000000082400000, 0x0000000100000000)
  region size 1024K, 43 young (44032K), 5 survivors (5120K)
 Metaspace       used 55595K, capacity 56731K, committed 56912K, reserved 1099776K
  class space    used 7094K, capacity 7510K, committed 7600K, reserved 1048576K
}

